#######################################################################################
# log primitive debug message of FSDB dumping                                         #
# This is for R&D to analyze when there are issues happening when FSDB dump           #
#######################################################################################
ANF: vcsd_get_serial_mode_status('/home/dvlachos/project/RISC-V-Core/core/simulation/simv: undefined symbol: vcsd_get_serial_mode_status')
ANF: vcsd_enable_sva_success_callback('/home/dvlachos/project/RISC-V-Core/core/simulation/simv: undefined symbol: vcsd_enable_sva_success_callback')
ANF: vcsd_disable_sva_success_callback('/home/dvlachos/project/RISC-V-Core/core/simulation/simv: undefined symbol: vcsd_disable_sva_success_callback')
ANF: vcsd_get_power_scope_name('/home/dvlachos/project/RISC-V-Core/core/simulation/simv: undefined symbol: vcsd_get_power_scope_name')
ANF: vcsd_begin_no_value_var_info('/home/dvlachos/project/RISC-V-Core/core/simulation/simv: undefined symbol: vcsd_begin_no_value_var_info')
ANF: vcsd_end_no_value_var_info('/home/dvlachos/project/RISC-V-Core/core/simulation/simv: undefined symbol: vcsd_end_no_value_var_info')
ANF: vcsd_remove_xprop_merge_mode_callback('/home/dvlachos/project/RISC-V-Core/core/simulation/simv: undefined symbol: vcsd_remove_xprop_merge_mode_callback')
ANF: vhpi_get_cb_info('/home/dvlachos/project/RISC-V-Core/core/simulation/simv: undefined symbol: vhpi_get_cb_info')
ANF: vhpi_free_handle('/home/dvlachos/project/RISC-V-Core/core/simulation/simv: undefined symbol: vhpi_free_handle')
ANF: vhpi_fetch_vcsd_handle('/home/dvlachos/project/RISC-V-Core/core/simulation/simv: undefined symbol: vhpi_fetch_vcsd_handle')
ANF: vhpi_fetch_vpi_handle('/home/dvlachos/project/RISC-V-Core/core/simulation/simv: undefined symbol: vhpi_fetch_vpi_handle')
ANF: vhpi_has_verilog_parent('/home/dvlachos/project/RISC-V-Core/core/simulation/simv: undefined symbol: vhpi_has_verilog_parent')
ANF: vhpi_is_verilog_scope('/home/dvlachos/project/RISC-V-Core/core/simulation/simv: undefined symbol: vhpi_is_verilog_scope')
ANF: scsd_xprop_is_enabled('/home/dvlachos/project/RISC-V-Core/core/simulation/simv: undefined symbol: scsd_xprop_is_enabled')
ANF: scsd_xprop_sig_is_promoted('/home/dvlachos/project/RISC-V-Core/core/simulation/simv: undefined symbol: scsd_xprop_sig_is_promoted')
ANF: scsd_xprop_int_xvalue('/home/dvlachos/project/RISC-V-Core/core/simulation/simv: undefined symbol: scsd_xprop_int_xvalue')
ANF: scsd_xprop_bool_xvalue('/home/dvlachos/project/RISC-V-Core/core/simulation/simv: undefined symbol: scsd_xprop_bool_xvalue')
ANF: scsd_xprop_enum_xvalue('/home/dvlachos/project/RISC-V-Core/core/simulation/simv: undefined symbol: scsd_xprop_enum_xvalue')
ANF: scsd_xprop_register_merge_mode_cb('/home/dvlachos/project/RISC-V-Core/core/simulation/simv: undefined symbol: scsd_xprop_register_merge_mode_cb')
ANF: scsd_xprop_delete_merge_mode_cb('/home/dvlachos/project/RISC-V-Core/core/simulation/simv: undefined symbol: scsd_xprop_delete_merge_mode_cb')
ANF: scsd_xprop_get_merge_mode('/home/dvlachos/project/RISC-V-Core/core/simulation/simv: undefined symbol: scsd_xprop_get_merge_mode')
ANF: scsd_thread_get_info('/home/dvlachos/project/RISC-V-Core/core/simulation/simv: undefined symbol: scsd_thread_get_info')
ANF: scsd_thread_vc_init('/home/dvlachos/project/RISC-V-Core/core/simulation/simv: undefined symbol: scsd_thread_vc_init')
ANF: scsd_master_set_delta_sync_cbk('/home/dvlachos/project/RISC-V-Core/core/simulation/simv: undefined symbol: scsd_master_set_delta_sync_cbk')
ANF: scsd_fgp_get_fsdb_cores('/home/dvlachos/project/RISC-V-Core/core/simulation/simv: undefined symbol: scsd_fgp_get_fsdb_cores')
ANF: scsd_fgp_get_is_cpu_affinity_disabled('/home/dvlachos/project/RISC-V-Core/core/simulation/simv: undefined symbol: scsd_fgp_get_is_cpu_affinity_disabled')
ANF: vhdi_dt_get_type('/home/dvlachos/project/RISC-V-Core/core/simulation/simv: undefined symbol: vhdi_dt_get_type')
ANF: vhdi_dt_get_key('/home/dvlachos/project/RISC-V-Core/core/simulation/simv: undefined symbol: vhdi_dt_get_key')
ANF: vhdi_dt_get_vhdl_enum_info('/home/dvlachos/project/RISC-V-Core/core/simulation/simv: undefined symbol: vhdi_dt_get_vhdl_enum_info')
ANF: vhdi_dt_get_vhdl_physical_info('/home/dvlachos/project/RISC-V-Core/core/simulation/simv: undefined symbol: vhdi_dt_get_vhdl_physical_info')
ANF: vhdi_dt_get_vhdl_array_info('/home/dvlachos/project/RISC-V-Core/core/simulation/simv: undefined symbol: vhdi_dt_get_vhdl_array_info')
ANF: vhdi_dt_get_vhdl_record_info('/home/dvlachos/project/RISC-V-Core/core/simulation/simv: undefined symbol: vhdi_dt_get_vhdl_record_info')
ANF: vhdi_dt_get_vhdl_integer_range_info('/home/dvlachos/project/RISC-V-Core/core/simulation/simv: undefined symbol: vhdi_dt_get_vhdl_integer_range_info')
ANF: vhdi_def_traverse_module('/home/dvlachos/project/RISC-V-Core/core/simulation/simv: undefined symbol: vhdi_def_traverse_module')
ANF: vhdi_def_traverse_scope('/home/dvlachos/project/RISC-V-Core/core/simulation/simv: undefined symbol: vhdi_def_traverse_scope')
ANF: vhdi_def_traverse_variable('/home/dvlachos/project/RISC-V-Core/core/simulation/simv: undefined symbol: vhdi_def_traverse_variable')
ANF: vhdi_def_get_module_id_by_vhpi('/home/dvlachos/project/RISC-V-Core/core/simulation/simv: undefined symbol: vhdi_def_get_module_id_by_vhpi')
ANF: vhdi_def_get_handle_by_module_id('/home/dvlachos/project/RISC-V-Core/core/simulation/simv: undefined symbol: vhdi_def_get_handle_by_module_id')
ANF: vhdi_def_get_variable_info_by_vhpi('/home/dvlachos/project/RISC-V-Core/core/simulation/simv: undefined symbol: vhdi_def_get_variable_info_by_vhpi')
ANF: vhdi_def_free('/home/dvlachos/project/RISC-V-Core/core/simulation/simv: undefined symbol: vhdi_def_free')
ANF: vhdi_ist_traverse_scope('/home/dvlachos/project/RISC-V-Core/core/simulation/simv: undefined symbol: vhdi_ist_traverse_scope')
ANF: vhdi_ist_traverse_variable('/home/dvlachos/project/RISC-V-Core/core/simulation/simv: undefined symbol: vhdi_ist_traverse_variable')
ANF: vhdi_ist_convert_by_vhpi('/home/dvlachos/project/RISC-V-Core/core/simulation/simv: undefined symbol: vhdi_ist_convert_by_vhpi')
ANF: vhdi_ist_clone('/home/dvlachos/project/RISC-V-Core/core/simulation/simv: undefined symbol: vhdi_ist_clone')
ANF: vhdi_ist_free('/home/dvlachos/project/RISC-V-Core/core/simulation/simv: undefined symbol: vhdi_ist_free')
ANF: vhdi_ist_hash_key('/home/dvlachos/project/RISC-V-Core/core/simulation/simv: undefined symbol: vhdi_ist_hash_key')
ANF: vhdi_ist_compare('/home/dvlachos/project/RISC-V-Core/core/simulation/simv: undefined symbol: vhdi_ist_compare')
ANF: vhdi_ist_get_value_addr('/home/dvlachos/project/RISC-V-Core/core/simulation/simv: undefined symbol: vhdi_ist_get_value_addr')
ANF: vhdi_set_scsd_callback('/home/dvlachos/project/RISC-V-Core/core/simulation/simv: undefined symbol: vhdi_set_scsd_callback')
ANF: vhdi_cbk_set_force_callback('/home/dvlachos/project/RISC-V-Core/core/simulation/simv: undefined symbol: vhdi_cbk_set_force_callback')
ANF: vhdi_trigger_init_force('/home/dvlachos/project/RISC-V-Core/core/simulation/simv: undefined symbol: vhdi_trigger_init_force')
ANF: vhdi_ist_check_scsd_callback('/home/dvlachos/project/RISC-V-Core/core/simulation/simv: undefined symbol: vhdi_ist_check_scsd_callback')
ANF: vhdi_ist_add_scsd_callback('/home/dvlachos/project/RISC-V-Core/core/simulation/simv: undefined symbol: vhdi_ist_add_scsd_callback')
ANF: vhdi_ist_remove_scsd_callback('/home/dvlachos/project/RISC-V-Core/core/simulation/simv: undefined symbol: vhdi_ist_remove_scsd_callback')
ANF: vhdi_ist_get_scsd_user_data('/home/dvlachos/project/RISC-V-Core/core/simulation/simv: undefined symbol: vhdi_ist_get_scsd_user_data')
ANF: vhdi_add_time_change_callback('/home/dvlachos/project/RISC-V-Core/core/simulation/simv: undefined symbol: vhdi_add_time_change_callback')
ANF: vhdi_get_real_value_by_value_addr('/home/dvlachos/project/RISC-V-Core/core/simulation/simv: undefined symbol: vhdi_get_real_value_by_value_addr')
ANF: vhdi_get_64_value_by_value_addr('/home/dvlachos/project/RISC-V-Core/core/simulation/simv: undefined symbol: vhdi_get_64_value_by_value_addr')
ANF: vhdi_xprop_inst_is_promoted('/home/dvlachos/project/RISC-V-Core/core/simulation/simv: undefined symbol: vhdi_xprop_inst_is_promoted')
ANF: vdi_ist_convert_by_vhdi('/home/dvlachos/project/RISC-V-Core/core/simulation/simv: undefined symbol: vdi_ist_convert_by_vhdi')
ANF: vhdi_ist_get_module_id('/home/dvlachos/project/RISC-V-Core/core/simulation/simv: undefined symbol: vhdi_ist_get_module_id')
ANF: vhdi_refine_foreign_scope_type('/home/dvlachos/project/RISC-V-Core/core/simulation/simv: undefined symbol: vhdi_refine_foreign_scope_type')
ANF: vhdi_flush_callback('/home/dvlachos/project/RISC-V-Core/core/simulation/simv: undefined symbol: vhdi_flush_callback')
ANF: vhdi_set_orig_name('/home/dvlachos/project/RISC-V-Core/core/simulation/simv: undefined symbol: vhdi_set_orig_name')
ANF: vhdi_set_dump_pt('/home/dvlachos/project/RISC-V-Core/core/simulation/simv: undefined symbol: vhdi_set_dump_pt')
ANF: vhdi_set_int_subtype('/home/dvlachos/project/RISC-V-Core/core/simulation/simv: undefined symbol: vhdi_set_int_subtype')
ANF: vhdi_get_fsdb_option('/home/dvlachos/project/RISC-V-Core/core/simulation/simv: undefined symbol: vhdi_get_fsdb_option')
ANF: vhdi_fgp_get_mode('/home/dvlachos/project/RISC-V-Core/core/simulation/simv: undefined symbol: vhdi_fgp_get_mode')
ANF: vhdi_node_register_composite_var('/home/dvlachos/project/RISC-V-Core/core/simulation/simv: undefined symbol: vhdi_node_register_composite_var')
ANF: vhdi_node_analysis('/home/dvlachos/project/RISC-V-Core/core/simulation/simv: undefined symbol: vhdi_node_analysis')
ANF: vhdi_node_id('/home/dvlachos/project/RISC-V-Core/core/simulation/simv: undefined symbol: vhdi_node_id')
ANF: vhdi_node_ist_check_scsd_callback('/home/dvlachos/project/RISC-V-Core/core/simulation/simv: undefined symbol: vhdi_node_ist_check_scsd_callback')
ANF: vhdi_node_ist_add_scsd_callback('/home/dvlachos/project/RISC-V-Core/core/simulation/simv: undefined symbol: vhdi_node_ist_add_scsd_callback')
ANF: vhdi_node_ist_get_value_addr('/home/dvlachos/project/RISC-V-Core/core/simulation/simv: undefined symbol: vhdi_node_ist_get_value_addr')
ANF: vhdi_enc_def_traverse_module('/home/dvlachos/project/RISC-V-Core/core/simulation/simv: undefined symbol: vhdi_enc_def_traverse_module')
ANF: vhdi_enc_def_traverse_scope('/home/dvlachos/project/RISC-V-Core/core/simulation/simv: undefined symbol: vhdi_enc_def_traverse_scope')
ANF: vhdi_enc_def_traverse_variable('/home/dvlachos/project/RISC-V-Core/core/simulation/simv: undefined symbol: vhdi_enc_def_traverse_variable')
ANF: vhdi_enc_ist_traverse_scope('/home/dvlachos/project/RISC-V-Core/core/simulation/simv: undefined symbol: vhdi_enc_ist_traverse_scope')
ANF: vhdi_enc_ist_traverse_variable('/home/dvlachos/project/RISC-V-Core/core/simulation/simv: undefined symbol: vhdi_enc_ist_traverse_variable')
ANF: vhdi_enc_ist_get_module_id('/home/dvlachos/project/RISC-V-Core/core/simulation/simv: undefined symbol: vhdi_enc_ist_get_module_id')
ANF: vhdi_enc_def_get_handle_by_module_id('/home/dvlachos/project/RISC-V-Core/core/simulation/simv: undefined symbol: vhdi_enc_def_get_handle_by_module_id')
VCS compile option:
 option[0]: /home/dvlachos/project/RISC-V-Core/core/simulation/simv
 option[1]: -sml=verdi
 option[2]: +UVM_VERDI_TRACE=UVM_AWARE
 option[3]: +fsdb+gate=off
 option[4]: -ucli2Proc
 option[5]: -ucli
 option[6]: -l
 option[7]: /home/dvlachos/project/RISC-V-Core/core/simulation/verdiLog/sim.log
 option[8]: /eda/synopsys/2022-23/RHELx86/VCS_2022.06-SP2/linux64/bin/vcs1
 option[9]: -Mcc=gcc
 option[10]: -Mcplusplus=g++
 option[11]: -Masflags=
 option[12]: -Mcfl= -pipe -fPIC -O -I/eda/synopsys/2022-23/RHELx86/VCS_2022.06-SP2/include 
 option[13]: -Mxllcflags=
 option[14]: -Mxcflags= -pipe -fPIC -I/eda/synopsys/2022-23/RHELx86/VCS_2022.06-SP2/include
 option[15]: -Mldflags= -rdynamic 
 option[16]: -Mout=simv
 option[17]: -Mamsrun=
 option[18]: -Mvcsaceobjs=
 option[19]: -Mobjects= /eda/synopsys/2022-23/RHELx86/VCS_2022.06-SP2/linux64/lib/libvirsim.so /eda/synopsys/2022-23/RHELx86/VCS_2022.06-SP2/linux64/lib/liberrorinf.so /eda/synopsys/2022-23/RHELx86/VCS_2022.06-SP2/linux64/lib/libsnpsmalloc.so /eda/synopsys/2022-23/RHELx86/VCS_2022.06-SP2/linux64/lib/libvfs.so 
 option[20]: -Mexternalobj=
 option[21]: -Msaverestoreobj=/eda/synopsys/2022-23/RHELx86/VCS_2022.06-SP2/linux64/lib/vcs_save_restore_new.o
 option[22]: -Mcrt0=
 option[23]: -Mcrtn=
 option[24]: -Mcsrc=
 option[25]: -Msyslibs=-ldl 
 option[26]: -l
 option[27]: comp.log
 option[28]: -kdb
 option[29]: -Xufe=2steps
 option[30]: -debug_access+all+bc
 option[31]: +vpi
 option[32]: +vcsd
 option[33]: +memcbk
 option[34]: +itf+/eda/synopsys/2022-23/RHELx86/VCS_2022.06-SP2/linux64/lib/vcsdp.tab
 option[35]: -debug_region+cell
 option[36]: -picarchive
 option[37]: -sverilog
 option[38]: -gen_obj
 option[39]: -f
 option[40]: tb.f
 option[41]: core_top.sv
Chronologic Simulation VCS Release T-2022.06-SP2_Full64
Linux 3.10.0-957.5.1.el7.x86_64 #1 SMP Fri Feb 1 14:54:57 UTC 2019 x86_64
CPU cores: 20
Limit information:
======================================
cputime		unlimited
filesize		unlimited
datasize		unlimited
stacksize		8192 kbytes
coredumpsize		0 kbytes
memoryuse		unlimited
vmemoryuse		unlimited
descriptors		4096
memorylocked		64 kbytes
maxproc		4096
======================================
(Special)Runtime environment variables:

Runtime environment variables:
SNPS_POWER_REPLAY=/eda/synopsys/2022-23/RHELx86/POWER-REPLAY_2022.06-SP2
SYNOPSYS_LC_ROOT=/eda/synopsys/2022-23/RHELx86/LC_2022.03-SP5/
VNCDESKTOP=socofreta.ics.forth.gr:2 (dvlachos)
MANPATH=:/eda/synopsys/2022-23/RHELx86/VCS_2022.06-SP2/doc/man
XDG_SESSION_ID=15135
SSH_AGENT_PID=19894
DBUS_STARTER_ADDRESS=unix:abstract=/tmp/dbus-fL3XndAH1O,guid=387a84524f29ddfc4c079de76665b1b2
HOSTNAME=socofreta.ics.forth.gr
SYNOPSYS_TMAX=/eda/synopsys/2022-23/RHELx86/TMAX_2022.12
LICENSE_UTILS_PATH=/eda/synopsys/licenses/bin/SCL_2017.12/RHELx86/linux64/bin
SNPS_SYN=/eda/synopsys/2022-23/RHELx86/SYN_2022.12
NOVAS_SYNC_MOTIF_DISP=
SNPS_ICC2=/eda/synopsys/2022-23/RHELx86/ICC2_2022.12
IMSETTINGS_INTEGRATE_DESKTOP=yes
SNPS_LC=/eda/synopsys/2022-23/RHELx86/LC_2022.12
NOVAS_HOME=/eda/synopsys/2022-23/RHELx86/VERDI_2022.06-SP2
COWARE_MONITORS_PATH=/home/dvlachos/.synopsys/monitors:/eda/synopsys/2022-23/RHELx86/VIRT-PROTO_2022.06-2/SLS/linux/IP
SNPS_VP_PRODUCT=PA-Elite
SNPS_PSIM=/eda/synopsys/2022-23/RHELx86/PSIM_2022.06-SP2
TERM=xterm-256color
XDG_MENU_PREFIX=gnome-
SYNOPSYS_DEPLOYMENT_PATH=/eda/synopsys/2022-23/RHELx86
VTE_VERSION=5202
SHELL=/bin/bash
CCDIR=/eda/synopsys/2022-23/RHELx86/CUSTOM-COMP_2022.06-SP2
SNPS_SAB=/eda/synopsys/2022-23/RHELx86/SABER_2022.03-2
HISTSIZE=1000
SYNOPSYS_SCRIPTS_DIR=/eda/synopsys/2022-23/scripts
MAKEFLAGS=
COWARE_AUX_BIN=/eda/synopsys/2022-23/RHELx86/VIRT-PROTO_2022.06-2/SLS/linux/common/bin
SSH_CLIENT=139.91.209.179 50506 22
SNPS_VTRAN=/eda/synopsys/2022-23/RHELx86/VTRAN_2022.12
COWARE_CXX_COMPILER=gcc-9.2-64
SNPS_VIEW_CONFIG_PATH=/home/dvlachos/.synopsys/viewconfig:/eda/synopsys/2022-23/RHELx86/VIRT-PROTO_2022.06-2/SLS/linux/IP:/eda/synopsys/2022-23/RHELx86/VIRT-PROTO_2022.06-2/SLS/linux/common/etc/viewconfig
DESIGNWARE_HOME=/eda/synopsys/2022-23/RHELx86/VC-VIP-SOC_2022.12
SPS_FONT_PATH=/eda/synopsys/2022-23/RHELx86/VERDI_2022.06-SP2/font
GNOME_TERMINAL_SCREEN=/org/gnome/Terminal/screen/e5b611e7_e8e7_451f_9599_ca467470e266
SYN_PPOWER=/eda/synopsys/2022-23/RHELx86/PRIMEPOWER_2022.12
SABER_MODELSIM=/eda/synopsys/2022-23/RHELx86/SABER_2022.03-2/Saber/bin/sabermti.so
VCS_STACK_EXEC=true
VCS_TARGET_ARCH=amd64
SPS_XFONT_PATH=/eda/synopsys/2022-23/RHELx86/VERDI_2022.06-SP2/XFont
QTDIR=/usr/lib64/qt-3.3
VCS_PATHMAP_PRELOAD_DONE=1
SNPS_TMAX=/eda/synopsys/2022-23/RHELx86/TMAX_2022.12
SNPS_ESP=/eda/synopsys/2022-23/RHELx86/ESP_2022.12
QTINC=/usr/lib64/qt-3.3/include
SSH_TTY=/dev/pts/1
SNPS_LYNXNXT=/eda/synopsys/2022-23/RHELx86/LYNXNXT_2022.12
LC_ALL=C
LYNX_HOME=/eda/synopsys/2022-23/RHELx86/LYNXNXT_2022.12
SG_HTML_BROWSER=/usr/bin/firefox
ZOIXHOME=/eda/synopsys/2022-23/RHELx86/Z01X_2022.06-SP2
IMSETTINGS_MODULE=none
QT_GRAPHICSSYSTEM_CHECKED=1
USER=dvlachos
LD_LIBRARY_PATH=:/eda/synopsys/2022-23/RHELx86/SABER_2022.03-2/bin
LS_COLORS=rs=0:di=38;5;27:ln=38;5;51:mh=44;38;5;15:pi=40;38;5;11:so=38;5;13:do=38;5;5:bd=48;5;232;38;5;11:cd=48;5;232;38;5;3:or=48;5;232;38;5;9:mi=05;48;5;232;38;5;15:su=48;5;196;38;5;15:sg=48;5;11;38;5;16:ca=48;5;196;38;5;226:tw=48;5;10;38;5;16:ow=48;5;10;38;5;21:st=48;5;21;38;5;15:ex=38;5;34:*.tar=38;5;9:*.tgz=38;5;9:*.arc=38;5;9:*.arj=38;5;9:*.taz=38;5;9:*.lha=38;5;9:*.lz4=38;5;9:*.lzh=38;5;9:*.lzma=38;5;9:*.tlz=38;5;9:*.txz=38;5;9:*.tzo=38;5;9:*.t7z=38;5;9:*.zip=38;5;9:*.z=38;5;9:*.Z=38;5;9:*.dz=38;5;9:*.gz=38;5;9:*.lrz=38;5;9:*.lz=38;5;9:*.lzo=38;5;9:*.xz=38;5;9:*.bz2=38;5;9:*.bz=38;5;9:*.tbz=38;5;9:*.tbz2=38;5;9:*.tz=38;5;9:*.deb=38;5;9:*.rpm=38;5;9:*.jar=38;5;9:*.war=38;5;9:*.ear=38;5;9:*.sar=38;5;9:*.rar=38;5;9:*.alz=38;5;9:*.ace=38;5;9:*.zoo=38;5;9:*.cpio=38;5;9:*.7z=38;5;9:*.rz=38;5;9:*.cab=38;5;9:*.jpg=38;5;13:*.jpeg=38;5;13:*.gif=38;5;13:*.bmp=38;5;13:*.pbm=38;5;13:*.pgm=38;5;13:*.ppm=38;5;13:*.tga=38;5;13:*.xbm=38;5;13:*.xpm=38;5;13:*.tif=38;5;13:*.tiff=38;5;13:*.png=38;5;13:*.svg=38;5;13:*.svgz=38;5;13:*.mng=38;5;13:*.pcx=38;5;13:*.mov=38;5;13:*.mpg=38;5;13:*.mpeg=38;5;13:*.m2v=38;5;13:*.mkv=38;5;13:*.webm=38;5;13:*.ogm=38;5;13:*.mp4=38;5;13:*.m4v=38;5;13:*.mp4v=38;5;13:*.vob=38;5;13:*.qt=38;5;13:*.nuv=38;5;13:*.wmv=38;5;13:*.asf=38;5;13:*.rm=38;5;13:*.rmvb=38;5;13:*.flc=38;5;13:*.avi=38;5;13:*.fli=38;5;13:*.flv=38;5;13:*.gl=38;5;13:*.dl=38;5;13:*.xcf=38;5;13:*.xwd=38;5;13:*.yuv=38;5;13:*.cgm=38;5;13:*.emf=38;5;13:*.axv=38;5;13:*.anx=38;5;13:*.ogv=38;5;13:*.ogx=38;5;13:*.aac=38;5;45:*.au=38;5;45:*.flac=38;5;45:*.mid=38;5;45:*.midi=38;5;45:*.mka=38;5;45:*.mp3=38;5;45:*.mpc=38;5;45:*.ogg=38;5;45:*.ra=38;5;45:*.wav=38;5;45:*.axa=38;5;45:*.oga=38;5;45:*.spx=38;5;45:*.xspf=38;5;45:
GNOME_TERMINAL_SERVICE=:1.104
HSPICE_64=1
XNLSPATH=/eda/synopsys/2022-23/RHELx86/VERDI_2022.06-SP2/etc/access/nls
SNPS_SFPGA=/eda/synopsys/2022-23/RHELx86/SFPGA_2022.09-SP2/fpga/
SNPS_EUCLIDE=/eda/synopsys/2022-23/RHELx86/EUCLIDE_2022.06-SP2
COWAREHOME=/eda/synopsys/2022-23/RHELx86/VIRT-PROTO_2022.06-2/SLS/linux
SYN_PRIMESHIELD=/eda/synopsys/2022-23/RHELx86/PRIMESHIELD_2022.12
SNPS_CERTITUDE=/eda/synopsys/2022-23/RHELx86/CERTITUDE_2022.06-SP2
SNPS_RTL_ARCH=/eda/synopsys/2022-23/RHELx86/RTL-ARCH_2022.12
SNPS_FC=/eda/synopsys/2022-23/RHELx86/FS-COMPILER_2022.12
SNPS_STARRC=/eda/synopsys/2022-23/RHELx86/STARRC_2022.12
SSH_AUTH_SOCK=/run/user/1030/keyring/ssh
MALLOC_ARENA_MAX=1
XILINXD_LICENSE_FILE=27000@carvouno.ics.forth.gr
MAKELEVEL=1
SYN_PROTOCOMP=/eda/synopsys/2022-23/RHELx86/PROTOCOMP_2022.12
SNPS_QCAP=/eda/synopsys/2022-23/RHELx86/QUICKCAP_2022.12
SNPS_SILVER_TW=/eda/synopsys/2022-23/RHELx86/SILVER-TW_2022.12
SNPS_FM=/eda/synopsys/2022-23/RHELx86/FM_2022.12
ARCH1=LINUX.64
MFLAGS=
SNPS_HSIMPLUS=/eda/synopsys/2022-23/RHELx86/HSIMPLUS_2022.06-SP2
SNPS_PSIM_XA=/eda/synopsys/2022-23/RHELx86/PRIMESIM-XA_2022.06-SP2
VC_STATIC_HOME=/eda/synopsys/2022-23/RHELx86/VC-STATIC_2022.06-SP2
GNOME_SHELL_SESSION_MODE=classic
SNPS_VP_HOME=/eda/synopsys/2022-23/RHELx86/VIRT-PROTO_2022.06-2/SLS/linux
SNPS_VC_FSM=/eda/synopsys/2022-23/RHELx86/VC-FSM_2022.06-SP2
MAIL=/var/spool/mail/dvlachos
PATH=/eda/synopsys/2022-23/RHELx86/VIRT-PROTO_2022.06-2/SLS/linux/pc/bin:/eda/synopsys/2022-23/RHELx86/VIRT-PROTO_2022.06-2/SLS/linux/tools/bin:/usr/lib64/qt-3.3/bin:/usr/local/bin:/usr/bin:/usr/local/sbin:/usr/sbin:/eda/synopsys/licenses/bin/SCL_2017.12/RHELx86/linux64/bin:/eda/synopsys/2022-23/RHELx86/3DIC_2022.12/bin:/eda/synopsys/2022-23/RHELx86/CERTITUDE_2022.06-SP2/platforms/linux/bin:/eda/synopsys/2022-23/RHELx86/CORETOOLS_2022.12/bin:/eda/synopsys/2022-23/RHELx86/CUSTOM-COMP_2022.06-SP2/bin:/eda/synopsys/2022-23/RHELx86/CUSTOM-WV_2022.06-SP2/bin:/eda/synopsys/2022-23/RHELx86/CUSTOM-WV_2022.06-SP2/bin:/eda/synopsys/2022-23/RHELx86/ESP_2022.12/bin:/eda/synopsys/2022-23/RHELx86/EUCLIDE_2022.06-SP2/Eclipse_4.22/linux.gtk.x86_64/eclipse/bin:/eda/synopsys/2022-23/RHELx86/FM_2022.12/bin:/eda/synopsys/2022-23/RHELx86/FS-COMPILER_2022.12/bin:/eda/synopsys/2022-23/RHELx86/HSIMPLUS_2022.06-SP2/hsimplus/bin:/eda/synopsys/2022-23/RHELx86/HSPICE_2022.06-SP2/hspice/bin:/eda/synopsys/2022-23/RHELx86/HSPICE_2022.06-SP2/hspice/cdpl/bin:/eda/synopsys/2022-23/RHELx86/ICC2_2022.12/bin:/eda/synopsys/2022-23/RHELx86/ICV_2022.12/bin/LINUX.64:/eda/synopsys/2022-23/RHELx86/ICVWB_2022.12/bin:/eda/synopsys/2022-23/RHELx86/LC_2022.12/bin:/eda/synopsys/2022-23/RHELx86/LYNXNXT_2022.12/automation/bin:/eda/synopsys/2022-23/RHELx86/NT_2022.03-SP5/bin:/eda/synopsys/2022-23/RHELx86/POWER-REPLAY_2022.06-SP2/bin:/eda/synopsys/2022-23/RHELx86/PRIMELIB_2022.12/bin:/eda/synopsys/2022-23/RHELx86/PRIMEPOWER_2022.12/bin:/eda/synopsys/2022-23/RHELx86/PRIMESHIELD_2022.12/bin:/eda/synopsys/2022-23/RHELx86/PRIMESIM-XA_2022.06-SP2/bin:/eda/synopsys/2022-23/RHELx86/PROTOCOMP_2022.12/bin:/eda/synopsys/2022-23/RHELx86/PSIM_2022.06-SP2/bin:/eda/synopsys/2022-23/RHELx86/PSIM-RA_2022.06-SP2a/bin:/eda/synopsys/2022-23/RHELx86/PT_2022.12/bin:/eda/synopsys/2022-23/RHELx86/QUICKCAP_2022.12/bin:/eda/synopsys/2022-23/RHELx86/RTL-ARCH_2022.12/bin:/eda/synopsys/2022-23/RHELx86/SABER_2022.03-2/ai_bin:/eda/synopsys/2022-23/RHELx86/SFPGA_2022.09-SP2/fpga//bin:/eda/synopsys/2022-23/RHELx86/SFPGA_2022.09-SP2/identify//bin:/eda/synopsys/2022-23/RHELx86/SILVER-TW_2022.12/SilverLinuxDist_U-2022.12/bin:/eda/synopsys/2022-23/RHELx86/SILVER-TW_2022.12/TestWeaverLinuxDist_U-2022.12/bin:/eda/synopsys/2022-23/RHELx86/SPYGLASS_2022.06-SP2/SPYGLASS_HOME/bin:/eda/synopsys/2022-23/RHELx86/STARRC_2022.12/bin:/eda/synopsys/2022-23/RHELx86/SYN_2022.12/bin:/eda/synopsys/2022-23/RHELx86/TESTMAX_2022.12/bin:/eda/synopsys/2022-23/RHELx86/TESTMAX-ALE_2022.12/bin:/eda/synopsys/2022-23/RHELx86/TMAX_2022.12/bin:/eda/synopsys/2022-23/RHELx86/VC-EXE-MAN_2022.06-SP2/VMS/bin:/eda/synopsys/2022-23/RHELx86/VC-FSM_2022.06-SP2/bin:/eda/synopsys/2022-23/RHELx86/VC-PS_2022.06-SP2/bin:/eda/synopsys/2022-23/RHELx86/VCS_2022.06-SP2/bin:/eda/synopsys/2022-23/RHELx86/VC-STATIC_2022.06-SP2/bin:/eda/synopsys/2022-23/RHELx86/VC-VIP-SOC_2022.12/bin:/eda/synopsys/2022-23/RHELx86/VERDI_2022.06-SP2/bin:/eda/synopsys/2022-23/RHELx86/VTRAN_2022.12/bin:/eda/synopsys/2022-23/RHELx86/Z01X_2022.06-SP2/bin:/home/dvlachos/.local/bin:/home/dvlachos/bin
SNPS_3DIC=/eda/synopsys/2022-23/RHELx86/3DIC_2022.12
SNPS_PSIM_RA=/eda/synopsys/2022-23/RHELx86/PSIM-RA_2022.06-SP2a
SNPS_Z01X=/eda/synopsys/2022-23/RHELx86/Z01X_2022.06-SP2
SABER_HOME=/eda/synopsys/2022-23/RHELx86/SABER_2022.03-2/Saber
QT_IM_MODULE=xim
SNPS_VP_RELEASE=T-2022.06
SNPS_VP_IPDIR=/eda/synopsys/2022-23/RHELx86/VIRT-PROTO_2022.06-2/IP
VCPS_HOME=/eda/synopsys/2022-23/RHELx86/VC-PS_2022.06-SP2
VERDI_HOME=/eda/synopsys/2022-23/RHELx86/VERDI_2022.06-SP2
SNPS_VP_HTYPE=linux
PWD=/home/dvlachos/project/RISC-V-Core/core/simulation
SNPS_VP_UBUNTU=
ECLIPSE_VERSION=4.22
SNPS_CT=/eda/synopsys/2022-23/RHELx86/CORETOOLS_2022.12
VCS_HOME=/eda/synopsys/2022-23/RHELx86/VCS_2022.06-SP2
XMODIFIERS=@im=none
SYS_PROG_NAME=verdi
LANG=C
PCTHOME=/eda/synopsys/2022-23/RHELx86/VIRT-PROTO_2022.06-2/SLS/linux/pc
SNPS_HSPICE=/eda/synopsys/2022-23/RHELx86/HSPICE_2022.06-SP2/hspice
SNPS_CWV=/eda/synopsys/2022-23/RHELx86/CUSTOM-WV_2022.06-SP2
SG_PDF_VIEWER=/usr/bin/xpdf
SNPS_VC=/eda/synopsys/2022-23/RHELx86/VC-STATIC_2022.06-SP2
SILVER_HOME=/eda/synopsys/2022-23/RHELx86/SILVER-TW_2022.12
SNPS_VP_COMPILER=gcc-9.2
SNPS_PT=/eda/synopsys/2022-23/RHELx86/PT_2022.12
SNPS_ICV=/eda/synopsys/2022-23/RHELx86/ICV_2022.12
COWARE_JRE=/eda/synopsys/2022-23/RHELx86/VIRT-PROTO_2022.06-2/SLS/linux/../linux/java
SYS_INST_DIR=/eda/synopsys/2022-23/RHELx86/VERDI_2022.06-SP2
LM_LICENSE_FILE=5280@troia-cds.ics.forth.gr:27000@carvouno.ics.forth.gr
SNPS_VDK_HOME=/eda/synopsys/2022-23/RHELx86/VIRT-PROTO_2022.06-2/SLS/linux/../../VDK
XA_64=1
SSH_ASKPASS=/usr/libexec/openssh/gnome-ssh-askpass
SNPS_IDENTIFY=/eda/synopsys/2022-23/RHELx86/SFPGA_2022.09-SP2/identify/
HISTCONTROL=ignoredups
DBUS_STARTER_BUS_TYPE=session
SHLVL=4
HOME=/home/dvlachos
SNPS_TESTMAX_ALE=/eda/synopsys/2022-23/RHELx86/TESTMAX-ALE_2022.12
ICV_INCLUDES=/eda/synopsys/2022-23/RHELx86/ICV_2022.12/include
VCS_EXEC_DONE=1
SNPS_TESTMAX=/eda/synopsys/2022-23/RHELx86/TESTMAX_2022.12
POWREP_HOME=/eda/synopsys/2022-23/RHELx86/POWER-REPLAY_2022.06-SP2
VERDI_ORIGNAL_LD_LIBRARY_PATH=:/eda/synopsys/2022-23/RHELx86/SABER_2022.03-2/bin
SABER_DATA_PATH=.
ICV_HOME_DIR=/eda/synopsys/2022-23/RHELx86/ICV_2022.12
GNOME_DESKTOP_SESSION_ID=this-is-deprecated
SYNOPSYS_SYSTYPE=LINUX.64
SNPS_PRIMELIB=/eda/synopsys/2022-23/RHELx86/PRIMELIB_2022.12
SNPS_LICENSE_FILE=5280@troia-cds.ics.forth.gr
COWAREDOC_INSTALLED_AT=/eda/synopsys/2022-23/RHELx86/VIRT-PROTO_2022.06-2/SLS/linux/../../Documentation
ICV_RSH_COMMAND=ssh
SYNOPSYS_ESP_ROOT=/eda/synopsys/2022-23/RHELx86/ESP_2022.12
LOGNAME=dvlachos
SPYGLASS_HOME=/eda/synopsys/2022-23/RHELx86/SPYGLASS_2022.06-SP2/SPYGLASS_HOME
QTLIB=/usr/lib64/qt-3.3/lib
SNPS_ICVWB=/eda/synopsys/2022-23/RHELx86/ICVWB_2022.12
SNPS_VP=/eda/synopsys/2022-23/RHELx86/VIRT-PROTO_2022.06-2
DBUS_SESSION_BUS_ADDRESS=unix:abstract=/tmp/dbus-fL3XndAH1O,guid=387a84524f29ddfc4c079de76665b1b2
SSH_CONNECTION=139.91.209.179 50506 139.91.184.102 22
XDG_DATA_DIRS=/home/dvlachos/.local/share/flatpak/exports/share:/var/lib/flatpak/exports/share:/usr/local/share:/usr/share
SNPS_CC=/eda/synopsys/2022-23/RHELx86/CUSTOM-COMP_2022.06-SP2
NOVASHLPPATH=/eda/synopsys/2022-23/RHELx86/VERDI_2022.06-SP2/doc
SPS_RGB_PATH=/eda/synopsys/2022-23/RHELx86/VERDI_2022.06-SP2/etc/rgb
CDS_LIC_FILE=5280@troia-cds.ics.forth.gr
SNPS_VC_PS=/eda/synopsys/2022-23/RHELx86/VC-PS_2022.06-SP2
LESSOPEN=||/usr/bin/lesspipe.sh %s
SYNOPSYS_SYN_ROOT=/eda/synopsys/2022-23/RHELx86/SYN_2022.12
CDPL_HOME=/eda/synopsys/2022-23/RHELx86/HSPICE_2022.06-SP2/hspice/cdpl
COWAREHT=linux
SNPS_NT=/eda/synopsys/2022-23/RHELx86/NT_2022.03-SP5
LD_NOVERSION=1
DISPLAY=:2
XDG_RUNTIME_DIR=/run/user/1030
QT_PLUGIN_PATH=/eda/synopsys/2022-23/RHELx86/VERDI_2022.06-SP2/platform/LINUXAMD64/lib/Qt/plugins
VERDI3_NEW_INTERACTIVE_DEBUG=
STAR_RCXT_HOME_DIR=/eda/synopsys/2022-23/RHELx86/STARRC_2022.12
XDG_CURRENT_DESKTOP=GNOME
GTK_IM_MODULE=gtk-im-context-simple
SNPS_VC_EXE_MAN=/eda/synopsys/2022-23/RHELx86/VC-EXE-MAN_2022.06-SP2
SNPS_VERDI=/eda/synopsys/2022-23/RHELx86/VERDI_2022.06-SP2
COLORTERM=truecolor
NOVAS_LC_ALL=C
SIMV_DAIDIR_PATH=/home/dvlachos/project/RISC-V-Core/core/simulation/./simv.daidir
NOVAS_SIGNAL_BASE_EXTRACTION=1
SIGNAL_BASE_EXTRACTION=1
NOVAS_VERDI_SVTB_BETA=1
VERDI_SVTB_BETA=1
NOVAS_VERDI_SVTB_ALPHA=1
VERDI_SVTB_ALPHA=1
NOVAS_VERDI_TB_HT=1
VERDI_TB_HT=1
NOVAS_WAVE_REDRAW_ALLVC=1
WAVE_REDRAW_ALLVC=1
NOVAS_TCL_LIBRARY=/eda/synopsys/2022-23/RHELx86/VERDI_2022.06-SP2/etc/access/tcl86_library
TCL_LIBRARY=/eda/synopsys/2022-23/RHELx86/VERDI_2022.06-SP2/etc/access/tcl86_library
XKEYSYMDB=/eda/synopsys/2022-23/RHELx86/VERDI_2022.06-SP2/etc/access/XKeysymDB2.1
XLOCALEDIR=/eda/synopsys/2022-23/RHELx86/VERDI_2022.06-SP2/etc/access/locale
NOVAS_SIGNAL_BASED_BA=0
SIGNAL_BASED_BA=0
SNPS_SIM_DEFAULT_GUI=verdi
FSDB_FILE=/home/dvlachos/project/RISC-V-Core/core/simulation/inter.fsdb
TBSIM_SIM_LOG_PATH=/home/dvlachos/project/RISC-V-Core/core/simulation/sim.log
VCS_UCLI_STDIN_BLOCKING=1
FSDB_VHDL_PROTECTED=1
FSDB_RD_IR_ENABLE=1
FSDB_SVA_STATUS=1
SYNOPSYS_SIM=/eda/synopsys/2022-23/RHELx86/VCS_2022.06-SP2
DISABLE_LIBRARY_MAP_CHECK=1
TFV_FSDB_MIS_BATCH_ENABLE_FSDB_GATE=1
TFV_FSDB_MIS_BATCH_DUMP_TDC=0
TFV_FSDB_MIS_RCA_MODE=1
VCS_STOP_SAFE=1
DVE_SIM_SELECT_LOOP=on
FLEXLM_BORROWFILE=/home/dvlachos/.socofreta.ics.forth.gr-borrow.txt
Runtime command line arguments:
argv[0]=/home/dvlachos/project/RISC-V-Core/core/simulation/simv
argv[1]=-sml=verdi
argv[2]=+UVM_VERDI_TRACE=UVM_AWARE
argv[3]=+fsdb+gate=off
argv[4]=-ucli2Proc
argv[5]=-ucli
argv[6]=-l
argv[7]=/home/dvlachos/project/RISC-V-Core/core/simulation/verdiLog/sim.log
358 profile - 100
          CPU/Mem usage: 0.020 sys,  0.050 user,  254.09M mem
359 Elapsed time:    0:00:00    Sun Jun  9 16:59:52 2024
360 User CPU time used: 0 seconds
361 System CPU time used: 0 seconds
362 pliAppInit
363 ndpGetenv(FSDB_FILE): /home/dvlachos/project/RISC-V-Core/core/simulation/inter.fsdb
364 ndpGetenv(FSDB_SVA_STATUS): 1
365 ndpGetenv(FSDB_VHDL_PROTECTED): 1
366 [SC]Init: MemoryConsumed=0.00MB ElapsedTime=0hour 0min. 0sec.
367 FSDB_GATE & FSDB_RTL is disabled.
368 FSDB_ALIAS_ARRAY_ELEM is set to 4294967295.
369 Enable Parallel Dumping.
370 pliAppMiscSet: New Sim Round
371 pliEntryInit
372 LIBSSCORE=found /eda/synopsys/2022-23/RHELx86/VERDI_2022.06-SP2/share/PLI/lib/LINUXAMD64/libsscore_vcs202206.so through $NOVAS_HOME setting.
373 FSDB Dumper for VCS, Release Verdi_T-2022.06-SP2, Linux x86_64/64bit, 11/22/2022
374 (C) 1996 - 2022 by Synopsys, Inc.
375 sps_tcl_fsdbDumpfile_main at 0
376 argv[0]: /home/dvlachos/project/RISC-V-Core/core/simulation/inter.fsdb
377 *Verdi* FSDB WARNING: The FSDB file already exists. Overwriting the FSDB file may crash the programs that are using this file.
378 *Verdi* : Create FSDB file '/home/dvlachos/project/RISC-V-Core/core/simulation/inter.fsdb'
379 [spi_vcs_vd_ppi_create_root]: no upf option
380 compile option from '/home/dvlachos/project/RISC-V-Core/core/simulation/simv.daidir/vcs_rebuild'.
381   "vcs '-sverilog' '-f' 'tb.f' '-kdb' 'core_top.sv' '-debug_all' '-l' 'comp.log' 2>&1"
382 sps_tcl_fsdbDumpflush_vd_main at 0 : N/A(0)
383 *Verdi* : Flush all FSDB Files at 0 s.
384 DVDI_is_vir_unload_enabled is enable
385 FSDB_VCS_ENABLE_NATIVE_VC is enable
386 sps_tcl_fsdbDumpvars_vd_main
387 argv[0]: 1
388 argv[1]: core_top.ex_s.ex_bus_o
389 argv[2]: +all
390 argv[3]: +trace_process
391 *Verdi* : Dumping the signal (core_top.ex_s.ex_bus_o).
392 pliAppHDL_DumpVarComplete traverse var: profile - 
          CPU/Mem usage: 0.040 sys,  0.050 user,  350.81M mem
                   incr: 0.010 sys,  0.000 user,  3.21M mem
                   accu: 0.010 sys,  0.000 user,  3.21M mem
              accu incr: 0.010 sys,  0.000 user,  3.21M mem

          Count usage: 0 var,  14 idcode,  1 callback
                 incr: 0 var,  14 idcode,  1 callback
                 accu: 0 var,  14 idcode,  1 callback
            accu incr: 0 var,  14 idcode,  1 callback
393 Elapsed time:    0:00:00    Sun Jun  9 16:59:52 2024
394 User CPU time used: 0 seconds
395 System CPU time used: 0 seconds
396 pliAppHDL_DumpVarComplete: profile - 
          CPU/Mem usage: 0.040 sys,  0.050 user,  351.87M mem
                   incr: 0.000 sys,  0.000 user,  1.05M mem
                   accu: 0.010 sys,  0.000 user,  4.26M mem
              accu incr: 0.000 sys,  0.000 user,  1.05M mem

          Count usage: 0 var,  14 idcode,  1 callback
                 incr: 0 var,  0 idcode,  0 callback
                 accu: 0 var,  14 idcode,  1 callback
            accu incr: 0 var,  0 idcode,  0 callback
397 Elapsed time:    0:00:00    Sun Jun  9 16:59:52 2024
398 User CPU time used: 0 seconds
399 System CPU time used: 0 seconds
400 sps_tcl_fsdbDumpflush_vd_main at 0 : N/A(0)
401 *Verdi* : Flush all FSDB Files at 0 s.
402 sps_tcl_fsdbDumpvars_vd_main
403 argv[0]: 1
404 argv[1]: core_top.clk
405 argv[2]: +all
406 argv[3]: +trace_process
407 *Verdi* : Dumping the signal (core_top.clk).
408 pliAppHDL_DumpVarComplete traverse var: profile - 
          CPU/Mem usage: 0.040 sys,  0.050 user,  353.63M mem
                   incr: 0.000 sys,  0.000 user,  0.00M mem
                   accu: 0.000 sys,  0.000 user,  0.00M mem
              accu incr: 0.000 sys,  0.000 user,  0.00M mem

          Count usage: 0 var,  15 idcode,  2 callback
                 incr: 0 var,  1 idcode,  1 callback
                 accu: 0 var,  1 idcode,  1 callback
            accu incr: 0 var,  1 idcode,  1 callback
409 Elapsed time:    0:00:00    Sun Jun  9 16:59:52 2024
410 User CPU time used: 0 seconds
411 System CPU time used: 0 seconds
412 pliAppHDL_DumpVarComplete: profile - 
          CPU/Mem usage: 0.040 sys,  0.060 user,  353.63M mem
                   incr: 0.000 sys,  0.010 user,  0.00M mem
                   accu: 0.000 sys,  0.010 user,  0.00M mem
              accu incr: 0.000 sys,  0.010 user,  0.00M mem

          Count usage: 0 var,  15 idcode,  2 callback
                 incr: 0 var,  0 idcode,  0 callback
                 accu: 0 var,  1 idcode,  1 callback
            accu incr: 0 var,  0 idcode,  0 callback
413 Elapsed time:    0:00:00    Sun Jun  9 16:59:52 2024
414 User CPU time used: 0 seconds
415 System CPU time used: 0 seconds
416 sps_tcl_fsdbDumpflush_vd_main at 0 : N/A(0)
417 *Verdi* : Flush all FSDB Files at 0 s.
418 sps_tcl_fsdbDumpflush_vd_main at 0 : N/A(0)
419 *Verdi* : Flush all FSDB Files at 0 s.
420 sps_tcl_fsdbDumpflush_vd_main at 0 : N/A(0)
421 *Verdi* : Flush all FSDB Files at 0 s.
422 sps_tcl_fsdbDumpflush_vd_main at 450 : N/A(0)
423 *Verdi* : Flush all FSDB Files at 450 s.
